app/build/intermediates/manifest_merge_blame_file/release/processReleaseMainManifest/manifest-merger-blame-release-report.txt
1<?xml version="1.0" encoding="utf-8"?>
2<manifest xmlns:android="http://schemas.android.com/apk/res/android"
3    package="com.project.credmanager"
4    android:versionCode="1"
5    android:versionName="1.0" >
6
7    <uses-sdk
8        android:minSdkVersion="27"
9        android:targetSdkVersion="35" />
10
11    <uses-permission android:name="android.permission.INTERNET" />
11-->src/main/AndroidManifest.xml:5:5-67
11-->src/main/AndroidManifest.xml:5:22-64
12    <uses-permission android:name="android.permission.CHANGE_WIFI_STATE" />
12-->src/main/AndroidManifest.xml:6:5-76
12-->src/main/AndroidManifest.xml:6:22-73
13    <uses-permission android:name="android.permission.ACCESS_WIFI_STATE" />
13-->src/main/AndroidManifest.xml:7:5-76
13-->src/main/AndroidManifest.xml:7:22-73
14    <uses-permission android:name="android.permission.ACCESS_NETWORK_STATE" />
14-->src/main/AndroidManifest.xml:8:5-79
14-->src/main/AndroidManifest.xml:8:22-76
15    <uses-permission android:name="com.google.android.providers.gsf.permission.READ_GSERVICES" />
15-->[com.google.android.recaptcha:recaptcha:18.6.1] AndroidManifest.xml:9:5-98
15-->[com.google.android.recaptcha:recaptcha:18.6.1] AndroidManifest.xml:9:22-95
16
17    <permission
17-->[androidx.core:core:1.13.1] AndroidManifest.xml:22:5-24:47
18        android:name="com.project.credmanager.DYNAMIC_RECEIVER_NOT_EXPORTED_PERMISSION"
18-->[androidx.core:core:1.13.1] AndroidManifest.xml:23:9-81
19        android:protectionLevel="signature" />
19-->[androidx.core:core:1.13.1] AndroidManifest.xml:24:9-44
20
21    <uses-permission android:name="com.project.credmanager.DYNAMIC_RECEIVER_NOT_EXPORTED_PERMISSION" />
21-->[androidx.core:core:1.13.1] AndroidManifest.xml:26:5-97
21-->[androidx.core:core:1.13.1] AndroidManifest.xml:26:22-94
22
23    <application
23-->src/main/AndroidManifest.xml:10:5-52:19
24        android:name="com.project.credmanager.InitDbApplication"
24-->src/main/AndroidManifest.xml:11:9-42
25        android:allowBackup="false"
25-->src/main/AndroidManifest.xml:12:9-36
26        android:appComponentFactory="androidx.core.app.CoreComponentFactory"
26-->[androidx.core:core:1.13.1] AndroidManifest.xml:28:18-86
27        android:dataExtractionRules="@xml/data_extraction_rules"
27-->src/main/AndroidManifest.xml:13:9-65
28        android:extractNativeLibs="false"
29        android:fullBackupContent="@xml/backup_rules"
29-->src/main/AndroidManifest.xml:14:9-54
30        android:icon="@mipmap/ic_launcher"
30-->src/main/AndroidManifest.xml:15:9-43
31        android:label="@string/app_name"
31-->src/main/AndroidManifest.xml:16:9-41
32        android:roundIcon="@mipmap/ic_launcher_round"
32-->src/main/AndroidManifest.xml:17:9-54
33        android:supportsRtl="true"
33-->src/main/AndroidManifest.xml:18:9-35
34        android:theme="@style/Theme.CredManager"
34-->src/main/AndroidManifest.xml:19:9-49
35        android:usesCleartextTraffic="true" >
35-->src/main/AndroidManifest.xml:20:9-44
36        <activity
36-->src/main/AndroidManifest.xml:22:9-25:52
37            android:name="com.project.credmanager.activity.ForgotPassActivity"
37-->src/main/AndroidManifest.xml:23:13-56
38            android:exported="false"
38-->src/main/AndroidManifest.xml:24:13-37
39            android:screenOrientation="portrait" />
39-->src/main/AndroidManifest.xml:25:13-49
40        <activity
40-->src/main/AndroidManifest.xml:26:9-29:52
41            android:name="com.project.credmanager.activity.ProfileActivity"
41-->src/main/AndroidManifest.xml:27:13-53
42            android:exported="false"
42-->src/main/AndroidManifest.xml:28:13-37
43            android:screenOrientation="portrait" />
43-->src/main/AndroidManifest.xml:29:13-49
44        <activity
44-->src/main/AndroidManifest.xml:30:9-33:52
45            android:name="com.project.credmanager.activity.RegisterActivity"
45-->src/main/AndroidManifest.xml:31:13-54
46            android:exported="false"
46-->src/main/AndroidManifest.xml:32:13-37
47            android:screenOrientation="portrait" />
47-->src/main/AndroidManifest.xml:33:13-49
48        <activity
48-->src/main/AndroidManifest.xml:34:9-37:52
49            android:name="com.project.credmanager.activity.MainActivity"
49-->src/main/AndroidManifest.xml:35:13-50
50            android:exported="false"
50-->src/main/AndroidManifest.xml:36:13-37
51            android:screenOrientation="portrait" />
51-->src/main/AndroidManifest.xml:37:13-49
52        <activity
52-->src/main/AndroidManifest.xml:38:9-41:52
53            android:name="com.project.credmanager.activity.AddCredActivity"
53-->src/main/AndroidManifest.xml:39:13-53
54            android:exported="false"
54-->src/main/AndroidManifest.xml:40:13-37
55            android:screenOrientation="portrait" />
55-->src/main/AndroidManifest.xml:41:13-49
56        <activity
56-->src/main/AndroidManifest.xml:42:9-51:20
57            android:name="com.project.credmanager.activity.LoginActivity"
57-->src/main/AndroidManifest.xml:43:13-51
58            android:exported="true"
58-->src/main/AndroidManifest.xml:44:13-36
59            android:screenOrientation="portrait" >
59-->src/main/AndroidManifest.xml:45:13-49
60            <intent-filter>
60-->src/main/AndroidManifest.xml:46:13-50:29
61                <action android:name="android.intent.action.MAIN" />
61-->src/main/AndroidManifest.xml:47:17-69
61-->src/main/AndroidManifest.xml:47:25-66
62
63                <category android:name="android.intent.category.LAUNCHER" />
63-->src/main/AndroidManifest.xml:49:17-77
63-->src/main/AndroidManifest.xml:49:27-74
64            </intent-filter>
65        </activity>
66        <activity
66-->[com.google.firebase:firebase-auth:24.0.1] AndroidManifest.xml:29:9-46:20
67            android:name="com.google.firebase.auth.internal.GenericIdpActivity"
67-->[com.google.firebase:firebase-auth:24.0.1] AndroidManifest.xml:30:13-80
68            android:excludeFromRecents="true"
68-->[com.google.firebase:firebase-auth:24.0.1] AndroidManifest.xml:31:13-46
69            android:exported="true"
69-->[com.google.firebase:firebase-auth:24.0.1] AndroidManifest.xml:32:13-36
70            android:launchMode="singleTask"
70-->[com.google.firebase:firebase-auth:24.0.1] AndroidManifest.xml:33:13-44
71            android:theme="@android:style/Theme.Translucent.NoTitleBar" >
71-->[com.google.firebase:firebase-auth:24.0.1] AndroidManifest.xml:34:13-72
72            <intent-filter>
72-->[com.google.firebase:firebase-auth:24.0.1] AndroidManifest.xml:35:13-45:29
73                <action android:name="android.intent.action.VIEW" />
73-->[com.google.firebase:firebase-auth:24.0.1] AndroidManifest.xml:36:17-69
73-->[com.google.firebase:firebase-auth:24.0.1] AndroidManifest.xml:36:25-66
74
75                <category android:name="android.intent.category.DEFAULT" />
75-->[com.google.firebase:firebase-auth:24.0.1] AndroidManifest.xml:38:17-76
75-->[com.google.firebase:firebase-auth:24.0.1] AndroidManifest.xml:38:27-73
76                <category android:name="android.intent.category.BROWSABLE" />
76-->[com.google.firebase:firebase-auth:24.0.1] AndroidManifest.xml:39:17-78
76-->[com.google.firebase:firebase-auth:24.0.1] AndroidManifest.xml:39:27-75
77
78                <data
78-->[com.google.firebase:firebase-auth:24.0.1] AndroidManifest.xml:41:17-44:51
79                    android:host="firebase.auth"
79-->[com.google.firebase:firebase-auth:24.0.1] AndroidManifest.xml:42:21-49
80                    android:path="/"
80-->[com.google.firebase:firebase-auth:24.0.1] AndroidManifest.xml:43:21-37
81                    android:scheme="genericidp" />
81-->[com.google.firebase:firebase-auth:24.0.1] AndroidManifest.xml:44:21-48
82            </intent-filter>
83        </activity>
84        <activity
84-->[com.google.firebase:firebase-auth:24.0.1] AndroidManifest.xml:47:9-64:20
85            android:name="com.google.firebase.auth.internal.RecaptchaActivity"
85-->[com.google.firebase:firebase-auth:24.0.1] AndroidManifest.xml:48:13-79
86            android:excludeFromRecents="true"
86-->[com.google.firebase:firebase-auth:24.0.1] AndroidManifest.xml:49:13-46
87            android:exported="true"
87-->[com.google.firebase:firebase-auth:24.0.1] AndroidManifest.xml:50:13-36
88            android:launchMode="singleTask"
88-->[com.google.firebase:firebase-auth:24.0.1] AndroidManifest.xml:51:13-44
89            android:theme="@android:style/Theme.Translucent.NoTitleBar" >
89-->[com.google.firebase:firebase-auth:24.0.1] AndroidManifest.xml:52:13-72
90            <intent-filter>
90-->[com.google.firebase:firebase-auth:24.0.1] AndroidManifest.xml:53:13-63:29
91                <action android:name="android.intent.action.VIEW" />
91-->[com.google.firebase:firebase-auth:24.0.1] AndroidManifest.xml:36:17-69
91-->[com.google.firebase:firebase-auth:24.0.1] AndroidManifest.xml:36:25-66
92
93                <category android:name="android.intent.category.DEFAULT" />
93-->[com.google.firebase:firebase-auth:24.0.1] AndroidManifest.xml:38:17-76
93-->[com.google.firebase:firebase-auth:24.0.1] AndroidManifest.xml:38:27-73
94                <category android:name="android.intent.category.BROWSABLE" />
94-->[com.google.firebase:firebase-auth:24.0.1] AndroidManifest.xml:39:17-78
94-->[com.google.firebase:firebase-auth:24.0.1] AndroidManifest.xml:39:27-75
95
96                <data
96-->[com.google.firebase:firebase-auth:24.0.1] AndroidManifest.xml:41:17-44:51
97                    android:host="firebase.auth"
97-->[com.google.firebase:firebase-auth:24.0.1] AndroidManifest.xml:42:21-49
98                    android:path="/"
98-->[com.google.firebase:firebase-auth:24.0.1] AndroidManifest.xml:43:21-37
99                    android:scheme="recaptcha" />
99-->[com.google.firebase:firebase-auth:24.0.1] AndroidManifest.xml:44:21-48
100            </intent-filter>
101        </activity>
102
103        <service
103-->[com.google.firebase:firebase-auth:24.0.1] AndroidManifest.xml:66:9-72:19
104            android:name="com.google.firebase.components.ComponentDiscoveryService"
104-->[com.google.firebase:firebase-auth:24.0.1] AndroidManifest.xml:67:13-84
105            android:directBootAware="true"
105-->[com.google.firebase:firebase-common:22.0.1] AndroidManifest.xml:32:13-43
106            android:exported="false" >
106-->[com.google.firebase:firebase-auth:24.0.1] AndroidManifest.xml:68:13-37
107            <meta-data
107-->[com.google.firebase:firebase-auth:24.0.1] AndroidManifest.xml:69:13-71:85
108                android:name="com.google.firebase.components:com.google.firebase.auth.FirebaseAuthRegistrar"
108-->[com.google.firebase:firebase-auth:24.0.1] AndroidManifest.xml:70:17-109
109                android:value="com.google.firebase.components.ComponentRegistrar" />
109-->[com.google.firebase:firebase-auth:24.0.1] AndroidManifest.xml:71:17-82
110            <meta-data
110-->[com.google.firebase:firebase-common:22.0.1] AndroidManifest.xml:35:13-37:85
111                android:name="com.google.firebase.components:com.google.firebase.FirebaseCommonKtxRegistrar"
111-->[com.google.firebase:firebase-common:22.0.1] AndroidManifest.xml:36:17-109
112                android:value="com.google.firebase.components.ComponentRegistrar" />
112-->[com.google.firebase:firebase-common:22.0.1] AndroidManifest.xml:37:17-82
113        </service>
114        <service
114-->[androidx.credentials:credentials-play-services-auth:1.2.0-rc01] AndroidManifest.xml:24:9-32:19
115            android:name="androidx.credentials.playservices.CredentialProviderMetadataHolder"
115-->[androidx.credentials:credentials-play-services-auth:1.2.0-rc01] AndroidManifest.xml:25:13-94
116            android:enabled="true"
116-->[androidx.credentials:credentials-play-services-auth:1.2.0-rc01] AndroidManifest.xml:26:13-35
117            android:exported="false" >
117-->[androidx.credentials:credentials-play-services-auth:1.2.0-rc01] AndroidManifest.xml:27:13-37
118            <meta-data
118-->[androidx.credentials:credentials-play-services-auth:1.2.0-rc01] AndroidManifest.xml:29:13-31:104
119                android:name="androidx.credentials.CREDENTIAL_PROVIDER_KEY"
119-->[androidx.credentials:credentials-play-services-auth:1.2.0-rc01] AndroidManifest.xml:30:17-76
120                android:value="androidx.credentials.playservices.CredentialProviderPlayServicesImpl" />
120-->[androidx.credentials:credentials-play-services-auth:1.2.0-rc01] AndroidManifest.xml:31:17-101
121        </service>
122
123        <activity
123-->[androidx.credentials:credentials-play-services-auth:1.2.0-rc01] AndroidManifest.xml:34:9-41:20
124            android:name="androidx.credentials.playservices.HiddenActivity"
124-->[androidx.credentials:credentials-play-services-auth:1.2.0-rc01] AndroidManifest.xml:35:13-76
125            android:configChanges="orientation|screenSize|screenLayout|keyboardHidden"
125-->[androidx.credentials:credentials-play-services-auth:1.2.0-rc01] AndroidManifest.xml:36:13-87
126            android:enabled="true"
126-->[androidx.credentials:credentials-play-services-auth:1.2.0-rc01] AndroidManifest.xml:37:13-35
127            android:exported="false"
127-->[androidx.credentials:credentials-play-services-auth:1.2.0-rc01] AndroidManifest.xml:38:13-37
128            android:fitsSystemWindows="true"
128-->[androidx.credentials:credentials-play-services-auth:1.2.0-rc01] AndroidManifest.xml:39:13-45
129            android:theme="@style/Theme.Hidden" >
129-->[androidx.credentials:credentials-play-services-auth:1.2.0-rc01] AndroidManifest.xml:40:13-48
130        </activity>
131        <activity
131-->[com.google.android.gms:play-services-auth:20.7.0] AndroidManifest.xml:23:9-27:75
132            android:name="com.google.android.gms.auth.api.signin.internal.SignInHubActivity"
132-->[com.google.android.gms:play-services-auth:20.7.0] AndroidManifest.xml:24:13-93
133            android:excludeFromRecents="true"
133-->[com.google.android.gms:play-services-auth:20.7.0] AndroidManifest.xml:25:13-46
134            android:exported="false"
134-->[com.google.android.gms:play-services-auth:20.7.0] AndroidManifest.xml:26:13-37
135            android:theme="@android:style/Theme.Translucent.NoTitleBar" />
135-->[com.google.android.gms:play-services-auth:20.7.0] AndroidManifest.xml:27:13-72
136        <!--
137            Service handling Google Sign-In user revocation. For apps that do not integrate with
138            Google Sign-In, this service will never be started.
139        -->
140        <service
140-->[com.google.android.gms:play-services-auth:20.7.0] AndroidManifest.xml:33:9-37:51
141            android:name="com.google.android.gms.auth.api.signin.RevocationBoundService"
141-->[com.google.android.gms:play-services-auth:20.7.0] AndroidManifest.xml:34:13-89
142            android:exported="true"
142-->[com.google.android.gms:play-services-auth:20.7.0] AndroidManifest.xml:35:13-36
143            android:permission="com.google.android.gms.auth.api.signin.permission.REVOCATION_NOTIFICATION"
143-->[com.google.android.gms:play-services-auth:20.7.0] AndroidManifest.xml:36:13-107
144            android:visibleToInstantApps="true" />
144-->[com.google.android.gms:play-services-auth:20.7.0] AndroidManifest.xml:37:13-48
145
146        <provider
146-->[com.google.firebase:firebase-common:22.0.1] AndroidManifest.xml:23:9-28:39
147            android:name="com.google.firebase.provider.FirebaseInitProvider"
147-->[com.google.firebase:firebase-common:22.0.1] AndroidManifest.xml:24:13-77
148            android:authorities="com.project.credmanager.firebaseinitprovider"
148-->[com.google.firebase:firebase-common:22.0.1] AndroidManifest.xml:25:13-72
149            android:directBootAware="true"
149-->[com.google.firebase:firebase-common:22.0.1] AndroidManifest.xml:26:13-43
150            android:exported="false"
150-->[com.google.firebase:firebase-common:22.0.1] AndroidManifest.xml:27:13-37
151            android:initOrder="100" />
151-->[com.google.firebase:firebase-common:22.0.1] AndroidManifest.xml:28:13-36
152
153        <activity
153-->[com.google.android.gms:play-services-base:18.0.1] AndroidManifest.xml:20:9-22:45
154            android:name="com.google.android.gms.common.api.GoogleApiActivity"
154-->[com.google.android.gms:play-services-base:18.0.1] AndroidManifest.xml:20:19-85
155            android:exported="false"
155-->[com.google.android.gms:play-services-base:18.0.1] AndroidManifest.xml:22:19-43
156            android:theme="@android:style/Theme.Translucent.NoTitleBar" />
156-->[com.google.android.gms:play-services-base:18.0.1] AndroidManifest.xml:21:19-78
157
158        <provider
158-->[androidx.emoji2:emoji2:1.2.0] AndroidManifest.xml:24:9-32:20
159            android:name="androidx.startup.InitializationProvider"
159-->[androidx.emoji2:emoji2:1.2.0] AndroidManifest.xml:25:13-67
160            android:authorities="com.project.credmanager.androidx-startup"
160-->[androidx.emoji2:emoji2:1.2.0] AndroidManifest.xml:26:13-68
161            android:exported="false" >
161-->[androidx.emoji2:emoji2:1.2.0] AndroidManifest.xml:27:13-37
162            <meta-data
162-->[androidx.emoji2:emoji2:1.2.0] AndroidManifest.xml:29:13-31:52
163                android:name="androidx.emoji2.text.EmojiCompatInitializer"
163-->[androidx.emoji2:emoji2:1.2.0] AndroidManifest.xml:30:17-75
164                android:value="androidx.startup" />
164-->[androidx.emoji2:emoji2:1.2.0] AndroidManifest.xml:31:17-49
165            <meta-data
165-->[androidx.lifecycle:lifecycle-process:2.9.3] AndroidManifest.xml:29:13-31:52
166                android:name="androidx.lifecycle.ProcessLifecycleInitializer"
166-->[androidx.lifecycle:lifecycle-process:2.9.3] AndroidManifest.xml:30:17-78
167                android:value="androidx.startup" />
167-->[androidx.lifecycle:lifecycle-process:2.9.3] AndroidManifest.xml:31:17-49
168            <meta-data
168-->[androidx.profileinstaller:profileinstaller:1.4.0] AndroidManifest.xml:29:13-31:52
169                android:name="androidx.profileinstaller.ProfileInstallerInitializer"
169-->[androidx.profileinstaller:profileinstaller:1.4.0] AndroidManifest.xml:30:17-85
170                android:value="androidx.startup" />
170-->[androidx.profileinstaller:profileinstaller:1.4.0] AndroidManifest.xml:31:17-49
171        </provider>
172
173        <service
173-->[androidx.room:room-runtime-android:2.7.2] AndroidManifest.xml:24:9-28:63
174            android:name="androidx.room.MultiInstanceInvalidationService"
174-->[androidx.room:room-runtime-android:2.7.2] AndroidManifest.xml:25:13-74
175            android:directBootAware="true"
175-->[androidx.room:room-runtime-android:2.7.2] AndroidManifest.xml:26:13-43
176            android:exported="false" />
176-->[androidx.room:room-runtime-android:2.7.2] AndroidManifest.xml:27:13-37
177
178        <meta-data
178-->[com.google.android.gms:play-services-basement:18.4.0] AndroidManifest.xml:6:9-122
179            android:name="com.google.android.gms.version"
179-->[com.google.android.gms:play-services-basement:18.4.0] AndroidManifest.xml:6:20-65
180            android:value="@integer/google_play_services_version" />
180-->[com.google.android.gms:play-services-basement:18.4.0] AndroidManifest.xml:6:66-119
181
182        <receiver
182-->[androidx.profileinstaller:profileinstaller:1.4.0] AndroidManifest.xml:34:9-52:20
183            android:name="androidx.profileinstaller.ProfileInstallReceiver"
183-->[androidx.profileinstaller:profileinstaller:1.4.0] AndroidManifest.xml:35:13-76
184            android:directBootAware="false"
184-->[androidx.profileinstaller:profileinstaller:1.4.0] AndroidManifest.xml:36:13-44
185            android:enabled="true"
185-->[androidx.profileinstaller:profileinstaller:1.4.0] AndroidManifest.xml:37:13-35
186            android:exported="true"
186-->[androidx.profileinstaller:profileinstaller:1.4.0] AndroidManifest.xml:38:13-36
187            android:permission="android.permission.DUMP" >
187-->[androidx.profileinstaller:profileinstaller:1.4.0] AndroidManifest.xml:39:13-57
188            <intent-filter>
188-->[androidx.profileinstaller:profileinstaller:1.4.0] AndroidManifest.xml:40:13-42:29
189                <action android:name="androidx.profileinstaller.action.INSTALL_PROFILE" />
189-->[androidx.profileinstaller:profileinstaller:1.4.0] AndroidManifest.xml:41:17-91
189-->[androidx.profileinstaller:profileinstaller:1.4.0] AndroidManifest.xml:41:25-88
190            </intent-filter>
191            <intent-filter>
191-->[androidx.profileinstaller:profileinstaller:1.4.0] AndroidManifest.xml:43:13-45:29
192                <action android:name="androidx.profileinstaller.action.SKIP_FILE" />
192-->[androidx.profileinstaller:profileinstaller:1.4.0] AndroidManifest.xml:44:17-85
192-->[androidx.profileinstaller:profileinstaller:1.4.0] AndroidManifest.xml:44:25-82
193            </intent-filter>
194            <intent-filter>
194-->[androidx.profileinstaller:profileinstaller:1.4.0] AndroidManifest.xml:46:13-48:29
195                <action android:name="androidx.profileinstaller.action.SAVE_PROFILE" />
195-->[androidx.profileinstaller:profileinstaller:1.4.0] AndroidManifest.xml:47:17-88
195-->[androidx.profileinstaller:profileinstaller:1.4.0] AndroidManifest.xml:47:25-85
196            </intent-filter>
197            <intent-filter>
197-->[androidx.profileinstaller:profileinstaller:1.4.0] AndroidManifest.xml:49:13-51:29
198                <action android:name="androidx.profileinstaller.action.BENCHMARK_OPERATION" />
198-->[androidx.profileinstaller:profileinstaller:1.4.0] AndroidManifest.xml:50:17-95
198-->[androidx.profileinstaller:profileinstaller:1.4.0] AndroidManifest.xml:50:25-92
199            </intent-filter>
200        </receiver> <!-- The activities will be merged into the manifest of the hosting app. -->
201        <activity
201-->[com.google.android.play:core-common:2.0.3] AndroidManifest.xml:14:9-18:65
202            android:name="com.google.android.play.core.common.PlayCoreDialogWrapperActivity"
202-->[com.google.android.play:core-common:2.0.3] AndroidManifest.xml:15:13-93
203            android:exported="false"
203-->[com.google.android.play:core-common:2.0.3] AndroidManifest.xml:16:13-37
204            android:stateNotNeeded="true"
204-->[com.google.android.play:core-common:2.0.3] AndroidManifest.xml:17:13-42
205            android:theme="@style/Theme.PlayCore.Transparent" />
205-->[com.google.android.play:core-common:2.0.3] AndroidManifest.xml:18:13-62
206    </application>
207
208</manifest>